2022-06-24 02:13:05 INFO  Log4j:20 - Kullanici https://test.hypnotes.net/ adresine gitti.
2022-06-24 02:13:05 INFO  Log4j:20 - Kullanici page.services elementinin görünür olduğunu doğruladı.
2022-06-24 02:13:05 INFO  Log4j:20 - Kullanici page.aboutUs elementinin görünür olduğunu doğruladı.
2022-06-24 02:13:05 INFO  Log4j:20 - Kullanici page.contactUs elementinin görünür olduğunu doğruladı.
2022-06-24 02:13:05 INFO  Log4j:20 - Kullanici page.pricing elementinin görünür olduğunu doğruladı.
2022-06-24 02:13:06 INFO  Log4j:20 - Kullanici page.howItWorks elementinin görünür olduğunu doğruladı.
2022-06-24 02:13:06 INFO  Log4j:20 - Kullanici page.login elementinin görünür olduğunu doğruladı.
2022-06-24 02:13:06 INFO  Log4j:20 - Kullanici page.signUp elementinin görünür olduğunu doğruladı.
2022-06-24 02:13:08 INFO  Log4j:20 - Kullanici https://test.hypnotes.net/ adresine gitti.
2022-06-24 02:13:09 INFO  Log4j:20 - Kullanici page.services elementinin tıklanabilir olduğunu doğruladı.
2022-06-24 02:13:09 INFO  Log4j:20 - Kullanici page.aboutUs elementinin tıklanabilir olduğunu doğruladı.
2022-06-24 02:13:09 INFO  Log4j:20 - Kullanici page.contactUs elementinin tıklanabilir olduğunu doğruladı.
2022-06-24 02:13:09 INFO  Log4j:20 - Kullanici page.pricing elementinin tıklanabilir olduğunu doğruladı.
2022-06-24 02:13:09 INFO  Log4j:20 - Kullanici page.howItWorks elementinin tıklanabilir olduğunu doğruladı.
2022-06-24 02:13:09 INFO  Log4j:20 - Kullanici page.login elementinin tıklanabilir olduğunu doğruladı.
2022-06-24 02:13:09 INFO  Log4j:20 - Kullanici page.signUp elementinin tıklanabilir olduğunu doğruladı.
2022-06-24 02:14:08 INFO  Log4j:20 - Kullanici https://test.hypnotes.net/ adresine gitti.
2022-06-24 02:14:09 INFO  Log4j:20 - Kullanici page.services elementinin görünür olduğunu doğruladı.
2022-06-24 02:14:09 INFO  Log4j:20 - Kullanici page.aboutUs elementinin görünür olduğunu doğruladı.
2022-06-24 02:14:09 INFO  Log4j:20 - Kullanici page.contactUs elementinin görünür olduğunu doğruladı.
2022-06-24 02:14:09 INFO  Log4j:20 - Kullanici page.pricing elementinin görünür olduğunu doğruladı.
2022-06-24 02:14:09 INFO  Log4j:20 - Kullanici page.howItWorks elementinin görünür olduğunu doğruladı.
2022-06-24 02:14:09 INFO  Log4j:20 - Kullanici page.login elementinin görünür olduğunu doğruladı.
2022-06-24 02:14:09 INFO  Log4j:20 - Kullanici page.signUp elementinin görünür olduğunu doğruladı.
2022-06-24 02:14:12 INFO  Log4j:20 - Kullanici https://test.hypnotes.net/ adresine gitti.
2022-06-24 02:14:12 INFO  Log4j:20 - Kullanici page.services elementinin tıklanabilir olduğunu doğruladı.
2022-06-24 02:14:12 INFO  Log4j:20 - Kullanici page.aboutUs elementinin tıklanabilir olduğunu doğruladı.
2022-06-24 02:14:12 INFO  Log4j:20 - Kullanici page.contactUs elementinin tıklanabilir olduğunu doğruladı.
2022-06-24 02:14:12 INFO  Log4j:20 - Kullanici page.pricing elementinin tıklanabilir olduğunu doğruladı.
2022-06-24 02:14:12 INFO  Log4j:20 - Kullanici page.howItWorks elementinin tıklanabilir olduğunu doğruladı.
2022-06-24 02:14:12 INFO  Log4j:20 - Kullanici page.login elementinin tıklanabilir olduğunu doğruladı.
2022-06-24 02:14:12 INFO  Log4j:20 - Kullanici page.signUp elementinin tıklanabilir olduğunu doğruladı.
